#
# There is insufficient memory for the Java Runtime Environment to continue.
# Native memory allocation (malloc) failed to allocate 1048576 bytes for AllocateHeap
# Possible reasons:
#   The system is out of physical RAM or swap space
#   The process is running with CompressedOops enabled, and the Java Heap may be blocking the growth of the native heap
# Possible solutions:
#   Reduce memory load on the system
#   Increase physical memory or swap space
#   Check if swap backing store is full
#   Decrease Java heap size (-Xmx/-Xms)
#   Decrease number of Java threads
#   Decrease Java thread stack sizes (-Xss)
#   Set larger code cache with -XX:ReservedCodeCacheSize=
#   JVM is running with Unscaled Compressed Oops mode in which the Java heap is
#     placed in the first 4GB address space. The Java Heap base address is the
#     maximum limit for the native heap growth. Please use -XX:HeapBaseMinAddress
#     to set the Java Heap base and to place the Java Heap above 4GB virtual address.
# This output file may be truncated or incomplete.
#
#  Out of Memory Error (memory/allocation.inline.hpp:61), pid=7840, tid=0x0000000000001f0c
#
# JRE version:  (8.0_242-b01) (build )
# Java VM: OpenJDK 64-Bit Server VM (25.242-b01 mixed mode windows-amd64 compressed oops)
# Failed to write core dump. Minidumps are not enabled by default on client versions of Windows
#

---------------  T H R E A D  ---------------

Current thread (0x00000000027ae800):  JavaThread "Unknown thread" [_thread_in_vm, id=7948, stack(0x0000000002620000,0x0000000002720000)]

Stack: [0x0000000002620000,0x0000000002720000]
[error occurred during error reporting (printing stack bounds), id 0xc0000005]

Native frames: (J=compiled Java code, j=interpreted, Vv=VM code, C=native code)


---------------  P R O C E S S  ---------------

Java Threads: ( => current thread )

Other Threads:

=>0x00000000027ae800 (exited) JavaThread "Unknown thread" [_thread_in_vm, id=7948, stack(0x0000000002620000,0x0000000002720000)]

VM state:not at safepoint (normal execution)

VM Mutex/Monitor currently owned by a thread: None

heap address: 0x0000000080800000, size: 2040 MB, Compressed Oops mode: 32-bit
Narrow klass base: 0x0000000000000000, Narrow klass shift: 3
Compressed class space size: 1073741824 Address: 0x0000000100000000

Heap:
 PSYoungGen      total 38400K, used 665K [0x00000000d5800000, 0x00000000d8280000, 0x0000000100000000)
  eden space 33280K, 2% used [0x00000000d5800000,0x00000000d58a6670,0x00000000d7880000)
  from space 5120K, 0% used [0x00000000d7d80000,0x00000000d7d80000,0x00000000d8280000)
  to   space 5120K, 0% used [0x00000000d7880000,0x00000000d7880000,0x00000000d7d80000)
 ParOldGen       total 87552K, used 0K [0x0000000080800000, 0x0000000085d80000, 0x00000000d5800000)
  object space 87552K, 0% used [0x0000000080800000,0x0000000080800000,0x0000000085d80000)
 Metaspace       used 779K, capacity 4480K, committed 4480K, reserved 1056768K
  class space    used 74K, capacity 384K, committed 384K, reserved 1048576K

Card table byte_map: [0x0000000011c70000,0x0000000012070000] byte_map_base: 0x000000001186c000

Marking Bits: (ParMarkBitMap*) 0x0000000069e7f030
 Begin Bits: [0x0000000012720000, 0x0000000014700000)
 End Bits:   [0x0000000014700000, 0x00000000166e0000)

Polling page: 0x0000000000560000

CodeCache: size=245760Kb used=328Kb max_used=328Kb free=245431Kb
 bounds [0x00000000028b0000, 0x0000000002b20000, 0x00000000118b0000]
 total_blobs=57 nmethods=0 adapters=38
 compilation: enabled

Compilation events (0 events):
No events

GC Heap History (0 events):
No events

Deoptimization events (0 events):
No events

Classes redefined (0 events):
No events

Internal exceptions (0 events):
No events

Events (10 events):
Event: 0.105 loading class java/lang/Short
Event: 0.106 loading class java/lang/Short done
Event: 0.106 loading class java/lang/Integer
Event: 0.106 loading class java/lang/Integer done
Event: 0.106 loading class java/lang/Long
Event: 0.107 loading class java/lang/Long done
Event: 0.108 loading class java/lang/NullPointerException
Event: 0.108 loading class java/lang/NullPointerException done
Event: 0.108 loading class java/lang/ArithmeticException
Event: 0.108 loading class java/lang/ArithmeticException done


Dynamic libraries:
0x00007ff747590000 - 0x00007ff7475c1000 	D:\tools\android studio\jre\jre\bin\java.exe
0x00007ffe78570000 - 0x00007ffe78764000 	C:\windows\SYSTEM32\ntdll.dll
0x00007ffe77d20000 - 0x00007ffe77ddd000 	C:\windows\System32\KERNEL32.DLL
0x00007ffe75e30000 - 0x00007ffe760f7000 	C:\windows\System32\KERNELBASE.dll
0x00007ffe77420000 - 0x00007ffe774ca000 	C:\windows\System32\ADVAPI32.dll
0x00007ffe78490000 - 0x00007ffe7852e000 	C:\windows\System32\msvcrt.dll
0x00007ffe767d0000 - 0x00007ffe7686b000 	C:\windows\System32\sechost.dll
0x00007ffe774d0000 - 0x00007ffe775f3000 	C:\windows\System32\RPCRT4.dll
0x00007ffe765d0000 - 0x00007ffe76770000 	C:\windows\System32\USER32.dll
0x00007ffe75d50000 - 0x00007ffe75d72000 	C:\windows\System32\win32u.dll
0x00007ffe77f10000 - 0x00007ffe77f3a000 	C:\windows\System32\GDI32.dll
0x00007ffe761b0000 - 0x00007ffe762ba000 	C:\windows\System32\gdi32full.dll
0x00007ffe75cb0000 - 0x00007ffe75d4d000 	C:\windows\System32\msvcp_win.dll
0x00007ffe764d0000 - 0x00007ffe765d0000 	C:\windows\System32\ucrtbase.dll
0x00007ffe69bf0000 - 0x00007ffe69e8a000 	C:\windows\WinSxS\amd64_microsoft.windows.common-controls_6595b64144ccf1df_6.0.19041.1_none_b555e41d4684ddec\COMCTL32.dll
0x00007ffe76870000 - 0x00007ffe768a0000 	C:\windows\System32\IMM32.DLL
0x00000000695d0000 - 0x00000000696a2000 	D:\tools\android studio\jre\jre\bin\msvcr100.dll
0x00000000696b0000 - 0x0000000069efb000 	D:\tools\android studio\jre\jre\bin\server\jvm.dll
0x00007ffe768b0000 - 0x00007ffe768b8000 	C:\windows\System32\PSAPI.DLL
0x00007ffe6fbd0000 - 0x00007ffe6fbf7000 	C:\windows\SYSTEM32\WINMM.dll
0x00007ffe70050000 - 0x00007ffe7005a000 	C:\windows\SYSTEM32\VERSION.dll
0x00007ffe6fb10000 - 0x00007ffe6fb19000 	C:\windows\SYSTEM32\WSOCK32.dll
0x00007ffe76b50000 - 0x00007ffe76bbb000 	C:\windows\System32\WS2_32.dll
0x00007ffe6c690000 - 0x00007ffe6c69f000 	D:\tools\android studio\jre\jre\bin\verify.dll
0x00007ffe699e0000 - 0x00007ffe69a09000 	D:\tools\android studio\jre\jre\bin\java.dll
0x00007ffe6c670000 - 0x00007ffe6c686000 	D:\tools\android studio\jre\jre\bin\zip.dll

VM Arguments:
java_command: org.jetbrains.git4idea.http.GitAskPassApp Username for 'https://github.com': 
java_class_path (initial): D:/tools/android studio/plugins/git4idea/lib/git4idea-rt.jar;D:/tools/android studio/lib/xmlrpc-2.0.1.jar;D:/tools/android studio/lib/commons-codec-1.13.jar;D:/tools/android studio/lib/util.jar
Launcher Type: SUN_STANDARD

Environment Variables:
JAVA_HOME=D:\tools\jdk
CLASSPATH=%JAVA_HOME%\lib;%JAVA_HOME%\lib\tools.jar
PATH=D:\tools\Git\mingw64\libexec\git-core;D:\tools\Git\mingw64\libexec\git-core;D:\tools\Git\mingw64\bin;D:\tools\Git\usr\bin;C:\Users\Administrator\bin;C:\Program Files (x86)\Common Files\Oracle\Java\javapath;C:\windows\system32;C:\windows;C:\windows\System32\Wbem;C:\windows\System32\WindowsPowerShell\v1.0;C:\windows\System32\OpenSSH;D:\StudioProjects\flutter\bin;D:\tools\Git\usr\bin;%ANDROID_HOME%\tools;%ANDROID_HOME%\platform-tools;%JAVA_HOME%\bin;%JAVA_HOME%\jre\bin;C:\Users\Administrator\AppData\Local\Microsoft\WindowsApps
USERNAME=Administrator
DISPLAY=:0.0
OS=Windows_NT
PROCESSOR_IDENTIFIER=Intel64 Family 6 Model 58 Stepping 9, GenuineIntel



---------------  S Y S T E M  ---------------

OS: Windows 10.0 , 64 bit Build 19041 (10.0.19041.207)

CPU:total 4 (initial active 4) (4 cores per cpu, 1 threads per core) family 6 model 58 stepping 9, cmov, cx8, fxsr, mmx, sse, sse2, sse3, ssse3, sse4.1, sse4.2, popcnt, avx, aes, clmul, erms, tsc, tscinvbit, tscinv

Memory: 4k page, physical 8349464k(661404k free), swap 16213908k(5872k free)

vm_info: OpenJDK 64-Bit Server VM (25.242-b01) for windows-amd64 JRE (1.8.0_242-release-1644-b01), built by "builder" with MS VC++ 10.0 (VS2010)

time: Mon Aug 17 19:28:40 2020
timezone: 中国标准时间
elapsed time: 0 seconds (0d 0h 0m 0s)

