#
# There is insufficient memory for the Java Runtime Environment to continue.
# Native memory allocation (malloc) failed to allocate 94432 bytes for Chunk::new
# Possible reasons:
#   The system is out of physical RAM or swap space
#   The process is running with CompressedOops enabled, and the Java Heap may be blocking the growth of the native heap
# Possible solutions:
#   Reduce memory load on the system
#   Increase physical memory or swap space
#   Check if swap backing store is full
#   Decrease Java heap size (-Xmx/-Xms)
#   Decrease number of Java threads
#   Decrease Java thread stack sizes (-Xss)
#   Set larger code cache with -XX:ReservedCodeCacheSize=
#   JVM is running with Unscaled Compressed Oops mode in which the Java heap is
#     placed in the first 4GB address space. The Java Heap base address is the
#     maximum limit for the native heap growth. Please use -XX:HeapBaseMinAddress
#     to set the Java Heap base and to place the Java Heap above 4GB virtual address.
# This output file may be truncated or incomplete.
#
#  Out of Memory Error (allocation.cpp:389), pid=6804, tid=0x000000000000231c
#
# JRE version: OpenJDK Runtime Environment (8.0_242-b01) (build 1.8.0_242-release-1644-b01)
# Java VM: OpenJDK 64-Bit Server VM (25.242-b01 mixed mode windows-amd64 compressed oops)
# Failed to write core dump. Minidumps are not enabled by default on client versions of Windows
#

---------------  T H R E A D  ---------------

Current thread (0x0000000017d1a000):  JavaThread "C2 CompilerThread0" daemon [_thread_in_native, id=8988, stack(0x0000000019610000,0x0000000019710000)]

Stack: [0x0000000019610000,0x0000000019710000]
[error occurred during error reporting (printing stack bounds), id 0xc0000005]

Native frames: (J=compiled Java code, j=interpreted, Vv=VM code, C=native code)


Current CompileTask:
C2:30598714 96140       4       java.lang.StackTraceElement::toString (140 bytes)


---------------  P R O C E S S  ---------------

Java Threads: ( => current thread )
  0x0000000022abe000 JavaThread "WorkerExecutor Queue Thread 5" [_thread_blocked, id=13328, stack(0x0000000041390000,0x0000000041490000)]
  0x000000001ee2a000 JavaThread "WorkerExecutor Queue Thread 4" [_thread_blocked, id=5852, stack(0x0000000038720000,0x0000000038820000)]
  0x000000001ee29000 JavaThread "WorkerExecutor Queue Thread 3" [_thread_blocked, id=4740, stack(0x00000000373e0000,0x00000000374e0000)]
  0x000000001ee27800 JavaThread "WorkerExecutor Queue Thread 2" [_thread_blocked, id=5952, stack(0x000000002ed70000,0x000000002ee70000)]
  0x000000001ee28800 JavaThread "WorkerExecutor Queue" [_thread_blocked, id=2012, stack(0x000000002e130000,0x000000002e230000)]
  0x000000001ee26000 JavaThread "Cache worker for execution history cache (D:\StudioProjects\Fresh\.gradle\6.1.1\executionHistory)" [_thread_blocked, id=10576, stack(0x000000002c240000,0x000000002c340000)]
  0x000000001ee23000 JavaThread "Execution worker for ':' Thread 3" [_thread_blocked, id=14176, stack(0x000000002a470000,0x000000002a570000)]
  0x0000000030730000 JavaThread "Execution worker for ':' Thread 2" [_thread_blocked, id=8468, stack(0x00000000282b0000,0x00000000283b0000)]
  0x000000003072e800 JavaThread "Execution worker for ':'" [_thread_blocked, id=13540, stack(0x0000000026b60000,0x0000000026c60000)]
  0x000000003072d000 JavaThread "Cache worker for file content cache (D:\StudioProjects\Fresh\.gradle\6.1.1\fileContent)" [_thread_blocked, id=13320, stack(0x00000000247a0000,0x00000000248a0000)]
  0x000000003072c800 JavaThread "Cache worker for Build Output Cleanup Cache (D:\StudioProjects\Fresh\.gradle\buildOutputCleanup)" [_thread_blocked, id=10968, stack(0x0000000024480000,0x0000000024580000)]
  0x0000000030724800 JavaThread "Build operations Thread 4" [_thread_blocked, id=3176, stack(0x0000000023320000,0x0000000023420000)]
  0x000000003072b800 JavaThread "Build operations Thread 3" [_thread_blocked, id=2972, stack(0x0000000023020000,0x0000000023120000)]
  0x000000003072b000 JavaThread "Build operations Thread 2" [_thread_blocked, id=12968, stack(0x0000000022f20000,0x0000000023020000)]
  0x000000003072a000 JavaThread "Build operations" [_thread_blocked, id=7884, stack(0x0000000022e20000,0x0000000022f20000)]
  0x0000000030722800 JavaThread "Cache worker for cache directory md-rule (C:\Users\Administrator\.gradle\caches\6.1.1\md-rule)" [_thread_blocked, id=3004, stack(0x0000000021330000,0x0000000021430000)]
  0x0000000030729000 JavaThread "Cache worker for cache directory md-supplier (C:\Users\Administrator\.gradle\caches\6.1.1\md-supplier)" [_thread_blocked, id=7916, stack(0x0000000021230000,0x0000000021330000)]
  0x0000000030725800 JavaThread "Cache worker for file hash cache (D:\StudioProjects\Fresh\.gradle\6.1.1\fileHashes)" [_thread_blocked, id=7092, stack(0x0000000021130000,0x0000000021230000)]
  0x0000000030721000 JavaThread "Cache worker for checksums cache (D:\StudioProjects\Fresh\.gradle\checksums)" [_thread_blocked, id=8132, stack(0x000000001d060000,0x000000001d160000)]
  0x0000000030726000 JavaThread "Thread-1867" [_thread_blocked, id=2604, stack(0x000000001cd60000,0x000000001ce60000)]
  0x0000000030724000 JavaThread "Stdin handler" [_thread_blocked, id=12016, stack(0x000000001cc60000,0x000000001cd60000)]
  0x0000000030723000 JavaThread "Asynchronous log dispatcher for DefaultDaemonConnection: socket connection from /127.0.0.1:57047 to /127.0.0.1:64183" [_thread_blocked, id=7064, stack(0x000000001c960000,0x000000001ca60000)]
  0x0000000025188000 JavaThread "Cancel handler" [_thread_blocked, id=12992, stack(0x0000000001170000,0x0000000001270000)]
  0x000000002518c800 JavaThread "Handler for socket connection from /127.0.0.1:57047 to /127.0.0.1:64183" [_thread_in_native, id=7936, stack(0x0000000001070000,0x0000000001170000)]
  0x0000000030727000 JavaThread "Daemon worker Thread 50" [_thread_blocked, id=13932, stack(0x000000001c860000,0x000000001c960000)]
  0x000000001f796800 JavaThread "Daemon Thread 50" [_thread_blocked, id=8452, stack(0x0000000000f70000,0x0000000001070000)]
  0x000000002207b000 JavaThread "Cache worker for Java compile cache (C:\Users\Administrator\.gradle\caches\6.1.1\javaCompile)" [_thread_blocked, id=12248, stack(0x00000000281b0000,0x00000000282b0000)]
  0x000000001eb68000 JavaThread "Cache worker for file content cache (C:\Users\Administrator\.gradle\caches\6.1.1\fileContent)" [_thread_blocked, id=9504, stack(0x00000000246a0000,0x00000000247a0000)]
  0x000000001eb6f000 JavaThread "Memory manager" [_thread_blocked, id=8, stack(0x00000000245a0000,0x00000000246a0000)]
  0x000000001b421800 JavaThread "Cache worker for execution history cache (C:\Users\Administrator\.gradle\caches\6.1.1\executionHistory)" [_thread_blocked, id=8576, stack(0x0000000020e30000,0x0000000020f30000)]
  0x000000001b428000 JavaThread "Cache worker for file hash cache (C:\Users\Administrator\.gradle\caches\6.1.1\fileHashes)" [_thread_blocked, id=10100, stack(0x000000001d560000,0x000000001d660000)]
  0x000000001b426800 JavaThread "File lock request listener" [_thread_in_native, id=8164, stack(0x000000001d460000,0x000000001d560000)]
  0x000000001b427000 JavaThread "Cache worker for journal cache (C:\Users\Administrator\.gradle\caches\journal-1)" [_thread_blocked, id=5844, stack(0x000000001d360000,0x000000001d460000)]
  0x000000001b325000 JavaThread "Daemon periodic checks" [_thread_blocked, id=13984, stack(0x000000001c760000,0x000000001c860000)]
  0x000000001b2d5000 JavaThread "Incoming local TCP Connector on port 57047" [_thread_in_native, id=14156, stack(0x000000001c5b0000,0x000000001c6b0000)]
  0x000000001b013800 JavaThread "Daemon health stats" [_thread_blocked, id=9224, stack(0x000000001c4b0000,0x000000001c5b0000)]
  0x0000000019097000 JavaThread "Service Thread" daemon [_thread_blocked, id=13128, stack(0x0000000019910000,0x0000000019a10000)]
  0x000000001901c000 JavaThread "C1 CompilerThread2" daemon [_thread_blocked, id=13216, stack(0x0000000019810000,0x0000000019910000)]
  0x0000000017d1d800 JavaThread "C2 CompilerThread1" daemon [_thread_blocked, id=9800, stack(0x0000000019710000,0x0000000019810000)]
=>0x0000000017d1a000 JavaThread "C2 CompilerThread0" daemon [_thread_in_native, id=8988, stack(0x0000000019610000,0x0000000019710000)]
  0x0000000017ccf800 JavaThread "Attach Listener" daemon [_thread_blocked, id=1472, stack(0x0000000019510000,0x0000000019610000)]
  0x0000000019018800 JavaThread "Signal Dispatcher" daemon [_thread_blocked, id=4812, stack(0x0000000019410000,0x0000000019510000)]
  0x000000000309c000 JavaThread "Finalizer" daemon [_thread_blocked, id=13968, stack(0x0000000018f10000,0x0000000019010000)]
  0x0000000017ca9800 JavaThread "Reference Handler" daemon [_thread_blocked, id=7720, stack(0x0000000018e10000,0x0000000018f10000)]
  0x0000000002f9e000 JavaThread "main" [_thread_blocked, id=5792, stack(0x0000000002e50000,0x0000000002f50000)]

Other Threads:
  0x0000000017c86000 VMThread [stack: 0x0000000018d10000,0x0000000018e10000] [id=6824]
  0x00000000190a8000 WatcherThread [stack: 0x0000000019a10000,0x0000000019b10000] [id=8296]

VM state:at safepoint (normal execution)

VM Mutex/Monitor currently owned by a thread:  ([mutex/lock_event])
[0x0000000002f9d560] Threads_lock - owner thread: 0x0000000017c86000
[0x0000000002f9cee0] Heap_lock - owner thread: 0x000000001ee27800

OutOfMemory and StackOverflow Exception counts:
OutOfMemoryError java_heap_errors=46
StackOverflowErrors=1

heap address: 0x0000000080000000, size: 2048 MB, Compressed Oops mode: 32-bit
Narrow klass base: 0x0000000000000000, Narrow klass shift: 3
Compressed class space size: 1073741824 Address: 0x0000000100000000

Heap:
 PSYoungGen      total 648704K, used 7254K [0x00000000d5580000, 0x00000000ffa80000, 0x0000000100000000)
  eden space 604160K, 0% used [0x00000000d5580000,0x00000000d5580000,0x00000000fa380000)
  from space 44544K, 16% used [0x00000000fcf00000,0x00000000fd615858,0x00000000ffa80000)
  to   space 11264K, 0% used [0x00000000fa380000,0x00000000fa380000,0x00000000fae80000)
 ParOldGen       total 634880K, used 505099K [0x0000000080000000, 0x00000000a6c00000, 0x00000000d5580000)
  object space 634880K, 79% used [0x0000000080000000,0x000000009ed42ca8,0x00000000a6c00000)
 Metaspace       used 272843K, capacity 285685K, committed 287064K, reserved 1300480K
  class space    used 31780K, capacity 34112K, committed 35456K, reserved 1048576K

Card table byte_map: [0x0000000012460000,0x0000000012870000] byte_map_base: 0x0000000012060000

Marking Bits: (ParMarkBitMap*) 0x0000000069e7f030
 Begin Bits: [0x0000000012f20000, 0x0000000014f20000)
 End Bits:   [0x0000000014f20000, 0x0000000016f20000)

Polling page: 0x0000000000d30000

CodeCache: size=245760Kb used=168210Kb max_used=170035Kb free=77549Kb
 bounds [0x00000000030a0000, 0x000000000d7e0000, 0x00000000120a0000]
 total_blobs=45639 nmethods=44605 adapters=942
 compilation: enabled

Compilation events (10 events):
Event: 30597.843 Thread 0x0000000017d1a000 96136   !   4       java.io.PrintWriter::write (58 bytes)
Event: 30597.857 Thread 0x0000000017d1a000 nmethod 96136 0x00000000054088d0 code [0x0000000005408a40, 0x00000000054095f8]
Event: 30597.857 Thread 0x0000000017d1d800 nmethod 96135 0x000000000730fb10 code [0x000000000730fc80, 0x00000000073107e8]
Event: 30597.874 Thread 0x000000001901c000 96137       3       com.google.gson.stream.JsonWriter::string (169 bytes)
Event: 30597.875 Thread 0x000000001901c000 nmethod 96137 0x000000000d53ae90 code [0x000000000d53b0a0, 0x000000000d53bc98]
Event: 30597.875 Thread 0x0000000017d1d800 96138       4       java.lang.Throwable$WrappedPrintWriter::println (9 bytes)
Event: 30597.876 Thread 0x0000000017d1a000 96139   !   4       java.io.PrintWriter::println (34 bytes)
Event: 30597.878 Thread 0x0000000017d1a000 nmethod 96139 0x000000000d451a50 code [0x000000000d451bc0, 0x000000000d451f78]
Event: 30597.878 Thread 0x0000000017d1a000 96140       4       java.lang.StackTraceElement::toString (140 bytes)
Event: 30597.878 Thread 0x0000000017d1d800 nmethod 96138 0x000000000d233a10 code [0x000000000d233b80, 0x000000000d233f78]

GC Heap History (10 events):
Event: 30591.524 GC heap before
{Heap before GC invocations=523 (full 26):
 PSYoungGen      total 652288K, used 610168K [0x00000000d5580000, 0x0000000100000000, 0x0000000100000000)
  eden space 604160K, 100% used [0x00000000d5580000,0x00000000fa380000,0x00000000fa380000)
  from space 48128K, 12% used [0x00000000fd100000,0x00000000fd6de3c8,0x0000000100000000)
  to   space 46592K, 0% used [0x00000000fa380000,0x00000000fa380000,0x00000000fd100000)
 ParOldGen       total 634880K, used 476924K [0x0000000080000000, 0x00000000a6c00000, 0x00000000d5580000)
  object space 634880K, 75% used [0x0000000080000000,0x000000009d1bf210,0x00000000a6c00000)
 Metaspace       used 272802K, capacity 285654K, committed 287064K, reserved 1300480K
  class space    used 31772K, capacity 34101K, committed 35456K, reserved 1048576K
Event: 30591.547 GC heap after
Heap after GC invocations=523 (full 26):
 PSYoungGen      total 615424K, used 10837K [0x00000000d5580000, 0x00000000ffa80000, 0x0000000100000000)
  eden space 604160K, 0% used [0x00000000d5580000,0x00000000d5580000,0x00000000fa380000)
  from space 11264K, 96% used [0x00000000fa380000,0x00000000fae154f8,0x00000000fae80000)
  to   space 44544K, 0% used [0x00000000fcf00000,0x00000000fcf00000,0x00000000ffa80000)
 ParOldGen       total 634880K, used 481563K [0x0000000080000000, 0x00000000a6c00000, 0x00000000d5580000)
  object space 634880K, 75% used [0x0000000080000000,0x000000009d646dd8,0x00000000a6c00000)
 Metaspace       used 272802K, capacity 285654K, committed 287064K, reserved 1300480K
  class space    used 31772K, capacity 34101K, committed 35456K, reserved 1048576K
}
Event: 30591.844 GC heap before
{Heap before GC invocations=524 (full 26):
 PSYoungGen      total 615424K, used 614997K [0x00000000d5580000, 0x00000000ffa80000, 0x0000000100000000)
  eden space 604160K, 100% used [0x00000000d5580000,0x00000000fa380000,0x00000000fa380000)
  from space 11264K, 96% used [0x00000000fa380000,0x00000000fae154f8,0x00000000fae80000)
  to   space 44544K, 0% used [0x00000000fcf00000,0x00000000fcf00000,0x00000000ffa80000)
 ParOldGen       total 634880K, used 481563K [0x0000000080000000, 0x00000000a6c00000, 0x00000000d5580000)
  object space 634880K, 75% used [0x0000000080000000,0x000000009d646dd8,0x00000000a6c00000)
 Metaspace       used 272803K, capacity 285654K, committed 287064K, reserved 1300480K
  class space    used 31772K, capacity 34101K, committed 35456K, reserved 1048576K
Event: 30591.866 GC heap after
Heap after GC invocations=524 (full 26):
 PSYoungGen      total 648704K, used 9552K [0x00000000d5580000, 0x00000000ffa80000, 0x0000000100000000)
  eden space 604160K, 0% used [0x00000000d5580000,0x00000000d5580000,0x00000000fa380000)
  from space 44544K, 21% used [0x00000000fcf00000,0x00000000fd854148,0x00000000ffa80000)
  to   space 11264K, 0% used [0x00000000fa380000,0x00000000fa380000,0x00000000fae80000)
 ParOldGen       total 634880K, used 488943K [0x0000000080000000, 0x00000000a6c00000, 0x00000000d5580000)
  object space 634880K, 77% used [0x0000000080000000,0x000000009dd7bde8,0x00000000a6c00000)
 Metaspace       used 272803K, capacity 285654K, committed 287064K, reserved 1300480K
  class space    used 31772K, capacity 34101K, committed 35456K, reserved 1048576K
}
Event: 30592.115 GC heap before
{Heap before GC invocations=525 (full 26):
 PSYoungGen      total 648704K, used 613712K [0x00000000d5580000, 0x00000000ffa80000, 0x0000000100000000)
  eden space 604160K, 100% used [0x00000000d5580000,0x00000000fa380000,0x00000000fa380000)
  from space 44544K, 21% used [0x00000000fcf00000,0x00000000fd854148,0x00000000ffa80000)
  to   space 11264K, 0% used [0x00000000fa380000,0x00000000fa380000,0x00000000fae80000)
 ParOldGen       total 634880K, used 488943K [0x0000000080000000, 0x00000000a6c00000, 0x00000000d5580000)
  object space 634880K, 77% used [0x0000000080000000,0x000000009dd7bde8,0x00000000a6c00000)
 Metaspace       used 272803K, capacity 285654K, committed 287064K, reserved 1300480K
  class space    used 31772K, capacity 34101K, committed 35456K, reserved 1048576K
Event: 30592.143 GC heap after
Heap after GC invocations=525 (full 26):
 PSYoungGen      total 615424K, used 11253K [0x00000000d5580000, 0x00000000ffa80000, 0x0000000100000000)
  eden space 604160K, 0% used [0x00000000d5580000,0x00000000d5580000,0x00000000fa380000)
  from space 11264K, 99% used [0x00000000fa380000,0x00000000fae7d728,0x00000000fae80000)
  to   space 44544K, 0% used [0x00000000fcf00000,0x00000000fcf00000,0x00000000ffa80000)
 ParOldGen       total 634880K, used 496642K [0x0000000080000000, 0x00000000a6c00000, 0x00000000d5580000)
  object space 634880K, 78% used [0x0000000080000000,0x000000009e500b50,0x00000000a6c00000)
 Metaspace       used 272803K, capacity 285654K, committed 287064K, reserved 1300480K
  class space    used 31772K, capacity 34101K, committed 35456K, reserved 1048576K
}
Event: 30592.513 GC heap before
{Heap before GC invocations=526 (full 26):
 PSYoungGen      total 615424K, used 615413K [0x00000000d5580000, 0x00000000ffa80000, 0x0000000100000000)
  eden space 604160K, 100% used [0x00000000d5580000,0x00000000fa380000,0x00000000fa380000)
  from space 11264K, 99% used [0x00000000fa380000,0x00000000fae7d728,0x00000000fae80000)
  to   space 44544K, 0% used [0x00000000fcf00000,0x00000000fcf00000,0x00000000ffa80000)
 ParOldGen       total 634880K, used 496642K [0x0000000080000000, 0x00000000a6c00000, 0x00000000d5580000)
  object space 634880K, 78% used [0x0000000080000000,0x000000009e500b50,0x00000000a6c00000)
 Metaspace       used 272803K, capacity 285654K, committed 287064K, reserved 1300480K
  class space    used 31772K, capacity 34101K, committed 35456K, reserved 1048576K
Event: 30592.538 GC heap after
Heap after GC invocations=526 (full 26):
 PSYoungGen      total 648704K, used 7240K [0x00000000d5580000, 0x00000000ffa80000, 0x0000000100000000)
  eden space 604160K, 0% used [0x00000000d5580000,0x00000000d5580000,0x00000000fa380000)
  from space 44544K, 16% used [0x00000000fcf00000,0x00000000fd612230,0x00000000ffa80000)
  to   space 11264K, 0% used [0x00000000fa380000,0x00000000fa380000,0x00000000fae80000)
 ParOldGen       total 634880K, used 501254K [0x0000000080000000, 0x00000000a6c00000, 0x00000000d5580000)
  object space 634880K, 78% used [0x0000000080000000,0x000000009e981870,0x00000000a6c00000)
 Metaspace       used 272803K, capacity 285654K, committed 287064K, reserved 1300480K
  class space    used 31772K, capacity 34101K, committed 35456K, reserved 1048576K
}
Event: 30593.060 GC heap before
{Heap before GC invocations=527 (full 26):
 PSYoungGen      total 648704K, used 611400K [0x00000000d5580000, 0x00000000ffa80000, 0x0000000100000000)
  eden space 604160K, 100% used [0x00000000d5580000,0x00000000fa380000,0x00000000fa380000)
  from space 44544K, 16% used [0x00000000fcf00000,0x00000000fd612230,0x00000000ffa80000)
  to   space 11264K, 0% used [0x00000000fa380000,0x00000000fa380000,0x00000000fae80000)
 ParOldGen       total 634880K, used 501254K [0x0000000080000000, 0x00000000a6c00000, 0x00000000d5580000)
  object space 634880K, 78% used [0x0000000080000000,0x000000009e981870,0x00000000a6c00000)
 Metaspace       used 272803K, capacity 285654K, committed 287064K, reserved 1300480K
  class space    used 31772K, capacity 34101K, committed 35456K, reserved 1048576K
Event: 30593.075 GC heap after
Heap after GC invocations=527 (full 26):
 PSYoungGen      total 615424K, used 7564K [0x00000000d5580000, 0x00000000ffa80000, 0x0000000100000000)
  eden space 604160K, 0% used [0x00000000d5580000,0x00000000d5580000,0x00000000fa380000)
  from space 11264K, 67% used [0x00000000fa380000,0x00000000faae3258,0x00000000fae80000)
  to   space 44544K, 0% used [0x00000000fcf00000,0x00000000fcf00000,0x00000000ffa80000)
 ParOldGen       total 634880K, used 503111K [0x0000000080000000, 0x00000000a6c00000, 0x00000000d5580000)
  object space 634880K, 79% used [0x0000000080000000,0x000000009eb51f18,0x00000000a6c00000)
 Metaspace       used 272803K, capacity 285654K, committed 287064K, reserved 1300480K
  class space    used 31772K, capacity 34101K, committed 35456K, reserved 1048576K
}

Deoptimization events (10 events):
Event: 30594.898 Thread 0x000000001ee2a000 Uncommon trap: reason=unstable_if action=reinterpret pc=0x0000000005972d3c method=com.google.common.util.concurrent.AbstractFuture.getDoneValue(Ljava/lang/Object;)Ljava/lang/Object; @ 24
Event: 30594.898 Thread 0x0000000022abe000 Uncommon trap: reason=unstable_if action=reinterpret pc=0x0000000005972d3c method=com.google.common.util.concurrent.AbstractFuture.getDoneValue(Ljava/lang/Object;)Ljava/lang/Object; @ 24
Event: 30594.898 Thread 0x000000001ee27800 Uncommon trap: reason=unstable_if action=reinterpret pc=0x0000000005972d3c method=com.google.common.util.concurrent.AbstractFuture.getDoneValue(Ljava/lang/Object;)Ljava/lang/Object; @ 24
Event: 30594.898 Thread 0x000000001ee28800 Uncommon trap: reason=unstable_if action=reinterpret pc=0x0000000005972d3c method=com.google.common.util.concurrent.AbstractFuture.getDoneValue(Ljava/lang/Object;)Ljava/lang/Object; @ 24
Event: 30595.193 Thread 0x000000001ee28800 Uncommon trap: reason=unstable_if action=reinterpret pc=0x000000000996727c method=com.google.common.util.concurrent.AbstractFuture.getDoneValue(Ljava/lang/Object;)Ljava/lang/Object; @ 24
Event: 30595.452 Thread 0x000000001ee27800 Uncommon trap: reason=unstable_if action=reinterpret pc=0x00000000078c9810 method=com.google.common.util.concurrent.AbstractFuture.getDoneValue(Ljava/lang/Object;)Ljava/lang/Object; @ 24
Event: 30597.874 Thread 0x000000001ee27800 Uncommon trap: reason=unstable_if action=reinterpret pc=0x00000000059546e0 method=com.google.gson.stream.JsonWriter.string(Ljava/lang/String;)V @ 57
Event: 30597.874 Thread 0x000000001ee28800 Uncommon trap: reason=unstable_if action=reinterpret pc=0x00000000059546e0 method=com.google.gson.stream.JsonWriter.string(Ljava/lang/String;)V @ 57
Event: 30597.874 Thread 0x000000001ee2a000 Uncommon trap: reason=unstable_if action=reinterpret pc=0x00000000059546e0 method=com.google.gson.stream.JsonWriter.string(Ljava/lang/String;)V @ 57
Event: 30597.874 Thread 0x000000001ee29000 Uncommon trap: reason=unstable_if action=reinterpret pc=0x00000000059546e0 method=com.google.gson.stream.JsonWriter.string(Ljava/lang/String;)V @ 57

Classes redefined (0 events):
No events

Internal exceptions (10 events):
Event: 30595.452 Thread 0x000000001ee27800 Exception <a 'java/lang/OutOfMemoryError'> (0x00000000e6b051e8) thrown at [C:\src\AOSP-openjdk-git\hotspot\src\share\vm\prims\jni.cpp, line 737]
Event: 30595.452 Thread 0x000000001ee27800 Exception <a 'java/lang/OutOfMemoryError'> (0x00000000e6b05da8) thrown at [C:\src\AOSP-openjdk-git\hotspot\src\share\vm\prims\jni.cpp, line 737]
Event: 30595.504 Thread 0x0000000022abe000 Exception <a 'java/lang/OutOfMemoryError'> (0x00000000ea598108) thrown at [C:\src\AOSP-openjdk-git\hotspot\src\share\vm\prims\jni.cpp, line 737]
Event: 30595.504 Thread 0x0000000022abe000 Exception <a 'java/lang/OutOfMemoryError'> (0x00000000ea598cc8) thrown at [C:\src\AOSP-openjdk-git\hotspot\src\share\vm\prims\jni.cpp, line 737]
Event: 30595.988 Thread 0x000000001ee27800 Exception <a 'java/io/IOException'> (0x00000000ea07f4b0) thrown at [C:\src\AOSP-openjdk-git\hotspot\src\share\vm\prims\jni.cpp, line 710]
Event: 30595.996 Thread 0x000000001ee2a000 Exception <a 'java/lang/OutOfMemoryError'> (0x00000000eef5f960) thrown at [C:\src\AOSP-openjdk-git\hotspot\src\share\vm\prims\jni.cpp, line 737]
Event: 30595.996 Thread 0x000000001ee29000 Exception <a 'java/lang/OutOfMemoryError'> (0x00000000ec8f1b08) thrown at [C:\src\AOSP-openjdk-git\hotspot\src\share\vm\prims\jni.cpp, line 737]
Event: 30596.033 Thread 0x000000001ee2a000 Exception <a 'java/io/IOException'> (0x00000000f01e1ae8) thrown at [C:\src\AOSP-openjdk-git\hotspot\src\share\vm\prims\jni.cpp, line 710]
Event: 30596.556 Thread 0x000000001ee28800 Exception <a 'java/io/IOException'> (0x00000000f0e5ce80) thrown at [C:\src\AOSP-openjdk-git\hotspot\src\share\vm\prims\jni.cpp, line 710]
Event: 30596.750 Thread 0x000000001ee29000 Exception <a 'java/io/IOException'> (0x00000000f2d3ada0) thrown at [C:\src\AOSP-openjdk-git\hotspot\src\share\vm\prims\jni.cpp, line 710]

Events (10 events):
Event: 30597.874 Thread 0x000000001ee28800 Uncommon trap: trap_request=0xffffff65 fr.pc=0x00000000059546e0
Event: 30597.874 Thread 0x000000001ee29000 Uncommon trap: trap_request=0xffffff65 fr.pc=0x00000000059546e0
Event: 30597.874 Thread 0x000000001ee27800 DEOPT PACKING pc=0x00000000059546e0 sp=0x000000002ee6d3b0
Event: 30597.874 Thread 0x000000001ee29000 DEOPT PACKING pc=0x00000000059546e0 sp=0x00000000374dcf30
Event: 30597.874 Thread 0x000000001ee28800 DEOPT PACKING pc=0x00000000059546e0 sp=0x000000002e22d290
Event: 30597.874 Thread 0x000000001ee2a000 DEOPT PACKING pc=0x00000000059546e0 sp=0x000000003881ccc0
Event: 30597.874 Thread 0x000000001ee29000 DEOPT UNPACKING pc=0x00000000030e557b sp=0x00000000374dcf10 mode 2
Event: 30597.874 Thread 0x000000001ee28800 DEOPT UNPACKING pc=0x00000000030e557b sp=0x000000002e22d270 mode 2
Event: 30597.874 Thread 0x000000001ee27800 DEOPT UNPACKING pc=0x00000000030e557b sp=0x000000002ee6d390 mode 2
Event: 30597.874 Thread 0x000000001ee2a000 DEOPT UNPACKING pc=0x00000000030e557b sp=0x000000003881cca0 mode 2


Dynamic libraries:
0x00007ff60d290000 - 0x00007ff60d2c1000 	D:\tools\android studio\jre\bin\java.exe
0x00007ffe78570000 - 0x00007ffe78764000 	C:\windows\SYSTEM32\ntdll.dll
0x00007ffe77d20000 - 0x00007ffe77ddd000 	C:\windows\System32\KERNEL32.DLL
0x00007ffe75e30000 - 0x00007ffe760f7000 	C:\windows\System32\KERNELBASE.dll
0x00007ffe77420000 - 0x00007ffe774ca000 	C:\windows\System32\ADVAPI32.dll
0x00007ffe78490000 - 0x00007ffe7852e000 	C:\windows\System32\msvcrt.dll
0x00007ffe767d0000 - 0x00007ffe7686b000 	C:\windows\System32\sechost.dll
0x00007ffe774d0000 - 0x00007ffe775f3000 	C:\windows\System32\RPCRT4.dll
0x00007ffe765d0000 - 0x00007ffe76770000 	C:\windows\System32\USER32.dll
0x00007ffe75d50000 - 0x00007ffe75d72000 	C:\windows\System32\win32u.dll
0x00007ffe77f10000 - 0x00007ffe77f3a000 	C:\windows\System32\GDI32.dll
0x00007ffe761b0000 - 0x00007ffe762ba000 	C:\windows\System32\gdi32full.dll
0x00007ffe75cb0000 - 0x00007ffe75d4d000 	C:\windows\System32\msvcp_win.dll
0x00007ffe764d0000 - 0x00007ffe765d0000 	C:\windows\System32\ucrtbase.dll
0x00007ffe69bf0000 - 0x00007ffe69e8a000 	C:\windows\WinSxS\amd64_microsoft.windows.common-controls_6595b64144ccf1df_6.0.19041.1_none_b555e41d4684ddec\COMCTL32.dll
0x00007ffe76870000 - 0x00007ffe768a0000 	C:\windows\System32\IMM32.DLL
0x00000000695d0000 - 0x00000000696a2000 	D:\tools\android studio\jre\jre\bin\msvcr100.dll
0x00000000696b0000 - 0x0000000069efb000 	D:\tools\android studio\jre\jre\bin\server\jvm.dll
0x00007ffe768b0000 - 0x00007ffe768b8000 	C:\windows\System32\PSAPI.DLL
0x00007ffe73620000 - 0x00007ffe73629000 	C:\windows\SYSTEM32\WSOCK32.dll
0x00007ffe6fbd0000 - 0x00007ffe6fbf7000 	C:\windows\SYSTEM32\WINMM.dll
0x00007ffe70050000 - 0x00007ffe7005a000 	C:\windows\SYSTEM32\VERSION.dll
0x00007ffe76b50000 - 0x00007ffe76bbb000 	C:\windows\System32\WS2_32.dll
0x00007ffe73610000 - 0x00007ffe7361f000 	D:\tools\android studio\jre\jre\bin\verify.dll
0x00007ffe6c330000 - 0x00007ffe6c359000 	D:\tools\android studio\jre\jre\bin\java.dll
0x00007ffe6bd10000 - 0x00007ffe6bd26000 	D:\tools\android studio\jre\jre\bin\zip.dll
0x00007ffe76ce0000 - 0x00007ffe77411000 	C:\windows\System32\SHELL32.dll
0x00007ffe73e60000 - 0x00007ffe745ea000 	C:\windows\SYSTEM32\windows.storage.dll
0x00007ffe779c0000 - 0x00007ffe77d14000 	C:\windows\System32\combase.dll
0x00007ffe75660000 - 0x00007ffe7568b000 	C:\windows\SYSTEM32\Wldp.dll
0x00007ffe777a0000 - 0x00007ffe7784e000 	C:\windows\System32\SHCORE.dll
0x00007ffe76af0000 - 0x00007ffe76b45000 	C:\windows\System32\shlwapi.dll
0x00007ffe75bf0000 - 0x00007ffe75c0f000 	C:\windows\SYSTEM32\profapi.dll
0x00007ffe6b730000 - 0x00007ffe6b74a000 	D:\tools\android studio\jre\jre\bin\net.dll
0x00007ffe753e0000 - 0x00007ffe7544a000 	C:\windows\system32\mswsock.dll
0x00007ffe6a0f0000 - 0x00007ffe6a103000 	D:\tools\android studio\jre\jre\bin\nio.dll
0x00007ffe64ee0000 - 0x00007ffe64f06000 	C:\Users\Administrator\.gradle\native\31\windows-amd64\native-platform.dll
0x00007ffe73600000 - 0x00007ffe7360d000 	D:\tools\android studio\jre\jre\bin\management.dll
0x00007ffe755b0000 - 0x00007ffe755c8000 	C:\windows\SYSTEM32\CRYPTSP.dll
0x00007ffe74d70000 - 0x00007ffe74da4000 	C:\windows\system32\rsaenh.dll
0x00007ffe764a0000 - 0x00007ffe764c7000 	C:\windows\System32\bcrypt.dll
0x00007ffe75b70000 - 0x00007ffe75b9e000 	C:\windows\SYSTEM32\USERENV.dll
0x00007ffe762c0000 - 0x00007ffe7633f000 	C:\windows\System32\bcryptprimitives.dll
0x00007ffe755d0000 - 0x00007ffe755dc000 	C:\windows\SYSTEM32\CRYPTBASE.dll
0x00007ffe750d0000 - 0x00007ffe7510b000 	C:\windows\SYSTEM32\IPHLPAPI.DLL
0x00007ffe76cd0000 - 0x00007ffe76cd9000 	C:\windows\System32\NSI.dll
0x00007ffe70110000 - 0x00007ffe70127000 	C:\windows\SYSTEM32\dhcpcsvc6.DLL
0x00007ffe70030000 - 0x00007ffe7004d000 	C:\windows\SYSTEM32\dhcpcsvc.DLL
0x00007ffe75110000 - 0x00007ffe751da000 	C:\windows\SYSTEM32\DNSAPI.dll
0x00007ffe74a20000 - 0x00007ffe74a53000 	C:\windows\SYSTEM32\ntmarta.dll
0x00007ffe6a070000 - 0x00007ffe6a094000 	D:\tools\android studio\jre\jre\bin\sunec.dll
0x00007ffe712e0000 - 0x00007ffe712eb000 	D:\tools\android studio\jre\jre\bin\sunmscapi.dll
0x00007ffe76340000 - 0x00007ffe7649d000 	C:\windows\System32\CRYPT32.dll
0x00007ffe6b760000 - 0x00007ffe6b76a000 	C:\Windows\System32\rasadhlp.dll
0x00007ffe69e90000 - 0x00007ffe69f0f000 	C:\windows\System32\fwpuclnt.dll

VM Arguments:
jvm_args: -Xmx2048m -Dfile.encoding=GBK -Duser.country=CN -Duser.language=zh -Duser.variant 
java_command: org.gradle.launcher.daemon.bootstrap.GradleDaemon 6.1.1
java_class_path (initial): C:\Users\Administrator\.gradle\wrapper\dists\gradle-6.1.1-all\cfmwm155h49vnt3hynmlrsdst\gradle-6.1.1\lib\gradle-launcher-6.1.1.jar
Launcher Type: SUN_STANDARD

Environment Variables:
JAVA_HOME=D:\tools\jdk
CLASSPATH=%JAVA_HOME%\lib;%JAVA_HOME%\lib\tools.jar
PATH=C:\Program Files (x86)\Common Files\Oracle\Java\javapath;C:\windows\system32;C:\windows;C:\windows\System32\Wbem;C:\windows\System32\WindowsPowerShell\v1.0\;C:\windows\System32\OpenSSH\;D:\StudioProjects\flutter\bin;D:\tools\Git\bin;%ANDROID_HOME%\tools;%ANDROID_HOME%\platform-tools;%JAVA_HOME%\bin;%JAVA_HOME%\jre\bin;C:\Users\Administrator\AppData\Local\Microsoft\WindowsApps;
USERNAME=Administrator
OS=Windows_NT
PROCESSOR_IDENTIFIER=Intel64 Family 6 Model 58 Stepping 9, GenuineIntel



---------------  S Y S T E M  ---------------

OS: Windows 10.0 , 64 bit Build 19041 (10.0.19041.207)

CPU:total 4 (initial active 4) (4 cores per cpu, 1 threads per core) family 6 model 58 stepping 9, cmov, cx8, fxsr, mmx, sse, sse2, sse3, ssse3, sse4.1, sse4.2, popcnt, avx, aes, clmul, erms, tsc, tscinvbit, tscinv

Memory: 4k page, physical 8349464k(582788k free), swap 16213908k(79816k free)

vm_info: OpenJDK 64-Bit Server VM (25.242-b01) for windows-amd64 JRE (1.8.0_242-release-1644-b01), built by "builder" with MS VC++ 10.0 (VS2010)

time: Tue Aug 18 18:08:57 2020
timezone: 中国标准时间
elapsed time: 30598 seconds (0d 8h 29m 58s)

